<?xml version="1.0" encoding="UTF-8"?>
<!-- Generated by org.testng.reporters.JUnitReportReporter -->
<testsuite skipped="0" hostname="DESKTOP-6CR61UB" name="testcase.test" tests="2" failures="0" timestamp="2020-04-02T17:12:52 CST" time="32.780" errors="0">
  <testcase name="test_two" time="15.263" classname="testcase.test"/>
  <system-out/>
  <testcase name="case_one" time="17.517" classname="testcase.test"/>
  <system-out/>
</testsuite> <!-- testcase.test -->
