<?xml version="1.0" encoding="UTF-8"?>
<!-- Generated by org.testng.reporters.JUnitReportReporter -->
<testsuite skipped="0" hostname="DESKTOP-6CR61UB" name="testcase.test" tests="1" failures="0" timestamp="2020-03-27T14:59:07 CST" time="16.627" errors="0">
  <testcase name="case_one" time="16.627" classname="testcase.test"/>
  <system-out/>
</testsuite> <!-- testcase.test -->
