<?xml version="1.0" encoding="UTF-8"?>
<!-- Generated by org.testng.reporters.JUnitReportReporter -->
<testsuite skipped="0" hostname="DESKTOP-6CR61UB" name="com.selenium.debug.test" tests="2" failures="0" timestamp="2020-06-28T16:27:58 CST" time="3.891" errors="0">
  <testcase name="case_one" time="0.739" classname="com.selenium.debug.test"/>
  <system-out/>
  <testcase name="test_two" time="3.152" classname="com.selenium.debug.test"/>
  <system-out/>
</testsuite> <!-- com.selenium.debug.test -->
