<?xml version="1.0" encoding="UTF-8"?>
<!-- Generated by org.testng.reporters.JUnitReportReporter -->
<testsuite skipped="0" hostname="DESKTOP-6CR61UB" name="testcase.test" tests="1" failures="0" timestamp="2020-04-01T14:23:36 CST" time="32.167" errors="0">
  <testcase name="case_one" time="32.167" classname="testcase.test"/>
  <system-out/>
</testsuite> <!-- testcase.test -->
